C:\Program Files (x86)\Microsoft Visual Studio\2019\Community\MSBuild\Microsoft\VC\v160\Microsoft.CppBuild.targets(491,5): warning MSB8028: Katalog pośredni (Debug\) zawiera pliki udostępnione z innego projektu (szablon2vs17.vcxproj). Może to spowodować niepoprawne zachowanie podczas oczyszczania i ponownej kompilacji.
  main.cpp
C:\Users\Jakub\Desktop\pp 2 etap\template-project-2\main.cpp(765,20): warning C4244: "=": konwersja z "double" do "int", możliwa utrata danych
C:\Users\Jakub\Desktop\pp 2 etap\template-project-2\main.cpp(775,20): warning C4244: "=": konwersja z "double" do "int", możliwa utrata danych
C:\Users\Jakub\Desktop\pp 2 etap\template-project-2\main.cpp(785,20): warning C4244: "=": konwersja z "double" do "int", możliwa utrata danych
C:\Users\Jakub\Desktop\pp 2 etap\template-project-2\main.cpp(795,51): warning C4244: "argument": konwersja z "double" do "int", możliwa utrata danych
C:\Users\Jakub\Desktop\pp 2 etap\template-project-2\main.cpp(799,51): warning C4244: "argument": konwersja z "double" do "int", możliwa utrata danych
C:\Users\Jakub\Desktop\pp 2 etap\template-project-2\main.cpp(801,102): warning C4244: "argument": konwersja z "double" do "int", możliwa utrata danych
C:\Users\Jakub\Desktop\pp 2 etap\template-project-2\main.cpp(801,66): warning C4244: "argument": konwersja z "double" do "int", możliwa utrata danych
C:\Users\Jakub\Desktop\pp 2 etap\template-project-2\main.cpp(802,103): warning C4244: "argument": konwersja z "double" do "int", możliwa utrata danych
C:\Users\Jakub\Desktop\pp 2 etap\template-project-2\main.cpp(802,67): warning C4244: "argument": konwersja z "double" do "int", możliwa utrata danych
C:\Users\Jakub\Desktop\pp 2 etap\template-project-2\main.cpp(803,109): warning C4244: "argument": konwersja z "double" do "int", możliwa utrata danych
C:\Users\Jakub\Desktop\pp 2 etap\template-project-2\main.cpp(803,77): warning C4244: "argument": konwersja z "double" do "int", możliwa utrata danych
C:\Users\Jakub\Desktop\pp 2 etap\template-project-2\main.cpp(804,101): warning C4244: "argument": konwersja z "double" do "int", możliwa utrata danych
C:\Users\Jakub\Desktop\pp 2 etap\template-project-2\main.cpp(804,71): warning C4244: "argument": konwersja z "double" do "int", możliwa utrata danych
C:\Users\Jakub\Desktop\pp 2 etap\template-project-2\main.cpp(805,104): warning C4244: "argument": konwersja z "double" do "int", możliwa utrata danych
C:\Users\Jakub\Desktop\pp 2 etap\template-project-2\main.cpp(805,67): warning C4244: "argument": konwersja z "double" do "int", możliwa utrata danych
C:\Users\Jakub\Desktop\pp 2 etap\template-project-2\main.cpp(806,108): warning C4244: "argument": konwersja z "double" do "int", możliwa utrata danych
C:\Users\Jakub\Desktop\pp 2 etap\template-project-2\main.cpp(806,73): warning C4244: "argument": konwersja z "double" do "int", możliwa utrata danych
C:\Users\Jakub\Desktop\pp 2 etap\template-project-2\main.cpp(807,97): warning C4244: "argument": konwersja z "double" do "int", możliwa utrata danych
C:\Users\Jakub\Desktop\pp 2 etap\template-project-2\main.cpp(807,62): warning C4244: "argument": konwersja z "double" do "int", możliwa utrata danych
C:\Users\Jakub\Desktop\pp 2 etap\template-project-2\main.cpp(808,103): warning C4244: "argument": konwersja z "double" do "int", możliwa utrata danych
C:\Users\Jakub\Desktop\pp 2 etap\template-project-2\main.cpp(808,68): warning C4244: "argument": konwersja z "double" do "int", możliwa utrata danych
C:\Users\Jakub\Desktop\pp 2 etap\template-project-2\main.cpp(809,103): warning C4244: "argument": konwersja z "double" do "int", możliwa utrata danych
C:\Users\Jakub\Desktop\pp 2 etap\template-project-2\main.cpp(809,67): warning C4244: "argument": konwersja z "double" do "int", możliwa utrata danych
C:\Users\Jakub\Desktop\pp 2 etap\template-project-2\main.cpp(810,109): warning C4244: "argument": konwersja z "double" do "int", możliwa utrata danych
C:\Users\Jakub\Desktop\pp 2 etap\template-project-2\main.cpp(810,73): warning C4244: "argument": konwersja z "double" do "int", możliwa utrata danych
C:\Users\Jakub\Desktop\pp 2 etap\template-project-2\main.cpp(811,104): warning C4244: "argument": konwersja z "double" do "int", możliwa utrata danych
C:\Users\Jakub\Desktop\pp 2 etap\template-project-2\main.cpp(811,68): warning C4244: "argument": konwersja z "double" do "int", możliwa utrata danych
C:\Users\Jakub\Desktop\pp 2 etap\template-project-2\main.cpp(812,110): warning C4244: "argument": konwersja z "double" do "int", możliwa utrata danych
C:\Users\Jakub\Desktop\pp 2 etap\template-project-2\main.cpp(812,74): warning C4244: "argument": konwersja z "double" do "int", możliwa utrata danych
C:\Users\Jakub\Desktop\pp 2 etap\template-project-2\main.cpp(813,80): warning C4244: "argument": konwersja z "double" do "int", możliwa utrata danych
C:\Users\Jakub\Desktop\pp 2 etap\template-project-2\main.cpp(813,44): warning C4244: "argument": konwersja z "double" do "int", możliwa utrata danych
C:\Users\Jakub\Desktop\pp 2 etap\template-project-2\main.cpp(814,104): warning C4244: "argument": konwersja z "double" do "int", możliwa utrata danych
C:\Users\Jakub\Desktop\pp 2 etap\template-project-2\main.cpp(814,68): warning C4244: "argument": konwersja z "double" do "int", możliwa utrata danych
C:\Users\Jakub\Desktop\pp 2 etap\template-project-2\main.cpp(815,110): warning C4244: "argument": konwersja z "double" do "int", możliwa utrata danych
C:\Users\Jakub\Desktop\pp 2 etap\template-project-2\main.cpp(815,74): warning C4244: "argument": konwersja z "double" do "int", możliwa utrata danych
C:\Users\Jakub\Desktop\pp 2 etap\template-project-2\main.cpp(816,104): warning C4244: "argument": konwersja z "double" do "int", możliwa utrata danych
C:\Users\Jakub\Desktop\pp 2 etap\template-project-2\main.cpp(816,68): warning C4244: "argument": konwersja z "double" do "int", możliwa utrata danych
C:\Users\Jakub\Desktop\pp 2 etap\template-project-2\main.cpp(817,110): warning C4244: "argument": konwersja z "double" do "int", możliwa utrata danych
C:\Users\Jakub\Desktop\pp 2 etap\template-project-2\main.cpp(817,74): warning C4244: "argument": konwersja z "double" do "int", możliwa utrata danych
C:\Users\Jakub\Desktop\pp 2 etap\template-project-2\main.cpp(818,102): warning C4244: "argument": konwersja z "double" do "int", możliwa utrata danych
C:\Users\Jakub\Desktop\pp 2 etap\template-project-2\main.cpp(818,63): warning C4244: "argument": konwersja z "double" do "int", możliwa utrata danych
C:\Users\Jakub\Desktop\pp 2 etap\template-project-2\main.cpp(819,108): warning C4244: "argument": konwersja z "double" do "int", możliwa utrata danych
C:\Users\Jakub\Desktop\pp 2 etap\template-project-2\main.cpp(819,69): warning C4244: "argument": konwersja z "double" do "int", możliwa utrata danych
C:\Users\Jakub\Desktop\pp 2 etap\template-project-2\main.cpp(820,106): warning C4244: "argument": konwersja z "double" do "int", możliwa utrata danych
C:\Users\Jakub\Desktop\pp 2 etap\template-project-2\main.cpp(820,68): warning C4244: "argument": konwersja z "double" do "int", możliwa utrata danych
C:\Users\Jakub\Desktop\pp 2 etap\template-project-2\main.cpp(821,110): warning C4244: "argument": konwersja z "double" do "int", możliwa utrata danych
C:\Users\Jakub\Desktop\pp 2 etap\template-project-2\main.cpp(821,74): warning C4244: "argument": konwersja z "double" do "int", możliwa utrata danych
C:\Users\Jakub\Desktop\pp 2 etap\template-project-2\main.cpp(822,105): warning C4244: "argument": konwersja z "double" do "int", możliwa utrata danych
C:\Users\Jakub\Desktop\pp 2 etap\template-project-2\main.cpp(822,68): warning C4244: "argument": konwersja z "double" do "int", możliwa utrata danych
C:\Users\Jakub\Desktop\pp 2 etap\template-project-2\main.cpp(823,111): warning C4244: "argument": konwersja z "double" do "int", możliwa utrata danych
C:\Users\Jakub\Desktop\pp 2 etap\template-project-2\main.cpp(823,74): warning C4244: "argument": konwersja z "double" do "int", możliwa utrata danych
C:\Users\Jakub\Desktop\pp 2 etap\template-project-2\main.cpp(824,100): warning C4244: "argument": konwersja z "double" do "int", możliwa utrata danych
C:\Users\Jakub\Desktop\pp 2 etap\template-project-2\main.cpp(824,63): warning C4244: "argument": konwersja z "double" do "int", możliwa utrata danych
C:\Users\Jakub\Desktop\pp 2 etap\template-project-2\main.cpp(825,106): warning C4244: "argument": konwersja z "double" do "int", możliwa utrata danych
C:\Users\Jakub\Desktop\pp 2 etap\template-project-2\main.cpp(825,69): warning C4244: "argument": konwersja z "double" do "int", możliwa utrata danych
C:\Users\Jakub\Desktop\pp 2 etap\template-project-2\main.cpp(826,105): warning C4244: "argument": konwersja z "double" do "int", możliwa utrata danych
C:\Users\Jakub\Desktop\pp 2 etap\template-project-2\main.cpp(826,68): warning C4244: "argument": konwersja z "double" do "int", możliwa utrata danych
C:\Users\Jakub\Desktop\pp 2 etap\template-project-2\main.cpp(827,111): warning C4244: "argument": konwersja z "double" do "int", możliwa utrata danych
C:\Users\Jakub\Desktop\pp 2 etap\template-project-2\main.cpp(827,74): warning C4244: "argument": konwersja z "double" do "int", możliwa utrata danych
C:\Users\Jakub\Desktop\pp 2 etap\template-project-2\main.cpp(828,81): warning C4244: "argument": konwersja z "double" do "int", możliwa utrata danych
C:\Users\Jakub\Desktop\pp 2 etap\template-project-2\main.cpp(828,44): warning C4244: "argument": konwersja z "double" do "int", możliwa utrata danych
C:\Users\Jakub\Desktop\pp 2 etap\template-project-2\main.cpp(829,105): warning C4244: "argument": konwersja z "double" do "int", możliwa utrata danych
C:\Users\Jakub\Desktop\pp 2 etap\template-project-2\main.cpp(829,68): warning C4244: "argument": konwersja z "double" do "int", możliwa utrata danych
C:\Users\Jakub\Desktop\pp 2 etap\template-project-2\main.cpp(830,111): warning C4244: "argument": konwersja z "double" do "int", możliwa utrata danych
C:\Users\Jakub\Desktop\pp 2 etap\template-project-2\main.cpp(830,74): warning C4244: "argument": konwersja z "double" do "int", możliwa utrata danych
C:\Users\Jakub\Desktop\pp 2 etap\template-project-2\main.cpp(831,106): warning C4244: "argument": konwersja z "double" do "int", możliwa utrata danych
C:\Users\Jakub\Desktop\pp 2 etap\template-project-2\main.cpp(831,69): warning C4244: "argument": konwersja z "double" do "int", możliwa utrata danych
C:\Users\Jakub\Desktop\pp 2 etap\template-project-2\main.cpp(832,112): warning C4244: "argument": konwersja z "double" do "int", możliwa utrata danych
C:\Users\Jakub\Desktop\pp 2 etap\template-project-2\main.cpp(832,75): warning C4244: "argument": konwersja z "double" do "int", możliwa utrata danych
C:\Users\Jakub\Desktop\pp 2 etap\template-project-2\main.cpp(833,106): warning C4244: "argument": konwersja z "double" do "int", możliwa utrata danych
C:\Users\Jakub\Desktop\pp 2 etap\template-project-2\main.cpp(833,69): warning C4244: "argument": konwersja z "double" do "int", możliwa utrata danych
C:\Users\Jakub\Desktop\pp 2 etap\template-project-2\main.cpp(834,111): warning C4244: "argument": konwersja z "double" do "int", możliwa utrata danych
C:\Users\Jakub\Desktop\pp 2 etap\template-project-2\main.cpp(834,75): warning C4244: "argument": konwersja z "double" do "int", możliwa utrata danych
C:\Users\Jakub\Desktop\pp 2 etap\template-project-2\main.cpp(835,100): warning C4244: "argument": konwersja z "double" do "int", możliwa utrata danych
C:\Users\Jakub\Desktop\pp 2 etap\template-project-2\main.cpp(835,63): warning C4244: "argument": konwersja z "double" do "int", możliwa utrata danych
C:\Users\Jakub\Desktop\pp 2 etap\template-project-2\main.cpp(836,106): warning C4244: "argument": konwersja z "double" do "int", możliwa utrata danych
C:\Users\Jakub\Desktop\pp 2 etap\template-project-2\main.cpp(836,69): warning C4244: "argument": konwersja z "double" do "int", możliwa utrata danych
C:\Users\Jakub\Desktop\pp 2 etap\template-project-2\main.cpp(837,107): warning C4244: "argument": konwersja z "double" do "int", możliwa utrata danych
C:\Users\Jakub\Desktop\pp 2 etap\template-project-2\main.cpp(837,69): warning C4244: "argument": konwersja z "double" do "int", możliwa utrata danych
C:\Users\Jakub\Desktop\pp 2 etap\template-project-2\main.cpp(838,111): warning C4244: "argument": konwersja z "double" do "int", możliwa utrata danych
C:\Users\Jakub\Desktop\pp 2 etap\template-project-2\main.cpp(838,75): warning C4244: "argument": konwersja z "double" do "int", możliwa utrata danych
C:\Users\Jakub\Desktop\pp 2 etap\template-project-2\main.cpp(839,106): warning C4244: "argument": konwersja z "double" do "int", możliwa utrata danych
C:\Users\Jakub\Desktop\pp 2 etap\template-project-2\main.cpp(839,69): warning C4244: "argument": konwersja z "double" do "int", możliwa utrata danych
C:\Users\Jakub\Desktop\pp 2 etap\template-project-2\main.cpp(840,112): warning C4244: "argument": konwersja z "double" do "int", możliwa utrata danych
C:\Users\Jakub\Desktop\pp 2 etap\template-project-2\main.cpp(840,75): warning C4244: "argument": konwersja z "double" do "int", możliwa utrata danych
C:\Users\Jakub\Desktop\pp 2 etap\template-project-2\main.cpp(841,81): warning C4244: "argument": konwersja z "double" do "int", możliwa utrata danych
C:\Users\Jakub\Desktop\pp 2 etap\template-project-2\main.cpp(841,44): warning C4244: "argument": konwersja z "double" do "int", możliwa utrata danych
C:\Users\Jakub\Desktop\pp 2 etap\template-project-2\main.cpp(842,106): warning C4244: "argument": konwersja z "double" do "int", możliwa utrata danych
C:\Users\Jakub\Desktop\pp 2 etap\template-project-2\main.cpp(842,69): warning C4244: "argument": konwersja z "double" do "int", możliwa utrata danych
C:\Users\Jakub\Desktop\pp 2 etap\template-project-2\main.cpp(843,112): warning C4244: "argument": konwersja z "double" do "int", możliwa utrata danych
C:\Users\Jakub\Desktop\pp 2 etap\template-project-2\main.cpp(843,75): warning C4244: "argument": konwersja z "double" do "int", możliwa utrata danych
C:\Users\Jakub\Desktop\pp 2 etap\template-project-2\main.cpp(844,87): warning C4244: "argument": konwersja z "double" do "int", możliwa utrata danych
C:\Users\Jakub\Desktop\pp 2 etap\template-project-2\main.cpp(844,49): warning C4244: "argument": konwersja z "double" do "int", możliwa utrata danych
C:\Users\Jakub\Desktop\pp 2 etap\template-project-2\main.cpp(845,80): warning C4244: "argument": konwersja z "double" do "int", możliwa utrata danych
C:\Users\Jakub\Desktop\pp 2 etap\template-project-2\main.cpp(845,49): warning C4244: "argument": konwersja z "double" do "int", możliwa utrata danych
C:\Users\Jakub\Desktop\pp 2 etap\template-project-2\main.cpp(846,89): warning C4244: "argument": konwersja z "double" do "int", możliwa utrata danych
C:\Users\Jakub\Desktop\pp 2 etap\template-project-2\main.cpp(846,52): warning C4244: "argument": konwersja z "double" do "int", możliwa utrata danych
C:\Users\Jakub\Desktop\pp 2 etap\template-project-2\main.cpp(847,80): warning C4244: "argument": konwersja z "double" do "int", możliwa utrata danych
C:\Users\Jakub\Desktop\pp 2 etap\template-project-2\main.cpp(847,44): warning C4244: "argument": konwersja z "double" do "int", możliwa utrata danych
C:\Users\Jakub\Desktop\pp 2 etap\template-project-2\main.cpp(925,4): warning C4996: 'sprintf': This function or variable may be unsafe. Consider using sprintf_s instead. To disable deprecation, use _CRT_SECURE_NO_WARNINGS. See online help for details.
C:\Users\Jakub\Desktop\pp 2 etap\template-project-2\main.cpp(928,4): warning C4996: 'sprintf': This function or variable may be unsafe. Consider using sprintf_s instead. To disable deprecation, use _CRT_SECURE_NO_WARNINGS. See online help for details.
C:\Users\Jakub\Desktop\pp 2 etap\template-project-2\main.cpp(102,57): warning C4101: "xgracz": lokalna zmienna, do której nie istnieje odwołanie
  szablon2vs19.vcxproj -> C:\Users\Jakub\Desktop\pp 2 etap\template-project-2\Debug\szablon2vs19.exe
